<?xml version="1.0" encoding="UTF-8"?>
<!-- Generated by org.testng.reporters.JUnitReportReporter -->
<testsuite skipped="0" hostname="usnyxs32w7n169" name="ParameterizedGetRequest" tests="4" failures="0" timestamp="13 Mar 2019 09:23:15 GMT" time="3.831" errors="0">
  <testcase name="requestZipCodeCollection_checkPlaceNameInResponseBody_expectPlaceName" time="0.142" classname="ParameterizedGetRequest"/>
  <testcase name="requestZipCodeCollection_checkPlaceNameInResponseBody_expectPlaceName" time="0.140" classname="ParameterizedGetRequest"/>
  <testcase name="requestZipCodeCollection_checkPlaceNameInResponseBody_expectPlaceName" time="0.125" classname="ParameterizedGetRequest"/>
  <testcase name="requestZipCodeCollection_checkPlaceNameInResponseBody_expectPlaceName" time="3.424" classname="ParameterizedGetRequest"/>
</testsuite> <!-- ParameterizedGetRequest -->
