<?xml version="1.0" encoding="UTF-8"?>
<!-- Generated by org.testng.reporters.JUnitReportReporter -->
<testsuite skipped="0" hostname="usnyxs32w7n169" name="GetRequestNew" tests="1" failures="0" timestamp="13 Mar 2019 08:29:09 GMT" time="5.437" errors="0">
  <testcase name="requestZipCode_checkPlaceNameInResponseBody_expectBeverlyHills" time="5.437" classname="GetRequestNew"/>
</testsuite> <!-- GetRequestNew -->
