<?xml version="1.0" encoding="UTF-8"?>
<!-- Generated by org.testng.reporters.JUnitReportReporter -->
<testsuite skipped="0" hostname="usnyxs32w7n045" name="GetRequest" tests="2" failures="0" timestamp="06 Mar 2019 09:07:07 GMT" time="4.971" errors="0">
  <testcase name="getWeatherDetails" time="4.787" classname="GetRequest"/>
  <testcase name="getWeatherDetailsInvalidCity" time="0.184" classname="GetRequest"/>
</testsuite> <!-- GetRequest -->
